
> web@0.1.0 build
> react-scripts build

Creating an optimized production build...
Compiled with warnings.

[eslint] 
src/components/FindAddressClient/style.js
  Line 26:3:  Duplicate key 'padding'  no-dupe-keys

src/components/PaymentMethods/index.jsx
  Line 64:6:  React Hook useEffect has a missing dependency: 'paymentOptions'. Either include it or remove the dependency array  react-hooks/exhaustive-deps

src/components/ProductView/index.jsx
  Line 114:6:  React Hook useEffect has a missing dependency: 'productCalculation'. Either include it or remove the dependency array                    react-hooks/exhaustive-deps
  Line 145:6:  React Hook useEffect has missing dependencies: 'props?.product' and 'state.product'. Either include them or remove the dependency array  react-hooks/exhaustive-deps

src/components/ProductView/style.js
  Line 144:3:  Duplicate key 'padding'  no-dupe-keys

src/contexts/store/index.jsx
  Line 11:10:  'bag' is assigned a value but never used                                                                     no-unused-vars
  Line 55:6:   React Hook useEffect has a missing dependency: 'getTotal'. Either include it or remove the dependency array  react-hooks/exhaustive-deps

src/index.js
  Line 3:25:  'Routes' is defined but never used  no-unused-vars

src/pages/About/index.jsx
  Line 107:24:  Array.prototype.map() expects a return value from arrow function                                                                array-callback-return
  Line 127:6:   React Hook useEffect has a missing dependency: 'methods'. Either include it or remove the dependency array                      react-hooks/exhaustive-deps
  Line 176:6:   React Hook useEffect has missing dependencies: 'getStore' and 'storeSaved'. Either include them or remove the dependency array  react-hooks/exhaustive-deps

src/pages/About/style.js
  Line 2:10:  'alpha' is defined but never used  no-unused-vars

src/pages/Bag/index.jsx
  Line 157:6:  React Hook useEffect has missing dependencies: 'estimateValue' and 'getStore'. Either include them or remove the dependency array  react-hooks/exhaustive-deps

src/pages/Bag/steps/Address/index.jsx
  Line 156:6:  React Hook useEffect has missing dependencies: 'navigate' and 'storeSaved'. Either include them or remove the dependency array  react-hooks/exhaustive-deps

src/pages/Bag/steps/Address/style.js
  Line 3:10:  'Menu' is defined but never used  no-unused-vars
  Line 28:3:  Duplicate key 'marginTop'         no-dupe-keys

src/pages/Bag/steps/Payment/index.jsx
  Line 79:6:  React Hook useEffect has missing dependencies: 'getSettingsPayment', 'navigate', 'store.settingsPayment?.mercadoPago', 'storeSaved', and 'storeUrl'. Either include them or remove the dependency array  react-hooks/exhaustive-deps

src/pages/Bag/views/ClientContact.jsx
  Line 1:10:  'useContext' is defined but never used  no-unused-vars

src/pages/Menu/index.jsx
  Line 133:6:  React Hook useEffect has a missing dependency: 'categories'. Either include it or remove the dependency array. You can also replace multiple useState variables with useReducer if 'setTabValue' needs the current value of 'categories'  react-hooks/exhaustive-deps
  Line 138:6:  React Hook useEffect has missing dependencies: 'getProducts' and 'getStore'. Either include them or remove the dependency array                                                                                                           react-hooks/exhaustive-deps

src/pages/Menu/style.js
  Line 26:3:  Duplicate key 'backgroundColor'  no-dupe-keys

src/pages/Order/index.jsx
  Line 36:6:  React Hook useEffect has missing dependencies: 'getData', 'state.order', and 'state.store'. Either include them or remove the dependency array  react-hooks/exhaustive-deps

Search for the keywords to learn more about each warning.
To ignore, add // eslint-disable-next-line to the line before.

File sizes after gzip:

  183.62 kB  build/static/js/main.57b975b1.js
  264 B      build/static/css/main.e6c13ad2.css

The project was built assuming it is hosted at ./.
You can control this with the homepage field in your package.json.

The build folder is ready to be deployed.

Find out more about deployment here:

  https://cra.link/deployment

